#
# There is insufficient memory for the Java Runtime Environment to continue.
# Native memory allocation (malloc) failed to allocate 668016 bytes for Chunk::new
# Possible reasons:
#   The system is out of physical RAM or swap space
#   The process is running with CompressedOops enabled, and the Java Heap may be blocking the growth of the native heap
# Possible solutions:
#   Reduce memory load on the system
#   Increase physical memory or swap space
#   Check if swap backing store is full
#   Decrease Java heap size (-Xmx/-Xms)
#   Decrease number of Java threads
#   Decrease Java thread stack sizes (-Xss)
#   Set larger code cache with -XX:ReservedCodeCacheSize=
#   JVM is running with Unscaled Compressed Oops mode in which the Java heap is
#     placed in the first 4GB address space. The Java Heap base address is the
#     maximum limit for the native heap growth. Please use -XX:HeapBaseMinAddress
#     to set the Java Heap base and to place the Java Heap above 4GB virtual address.
# This output file may be truncated or incomplete.
#
#  Out of Memory Error (t:/workspace/open/src/hotspot/share/memory/arena.cpp:197), pid=5272, tid=6740
#
# JRE version: OpenJDK Runtime Environment (11.0.2+9) (build 11.0.2+9)
# Java VM: OpenJDK 64-Bit Server VM (11.0.2+9, mixed mode, tiered, compressed oops, g1 gc, windows-amd64)
# No core dump will be written. Minidumps are not enabled by default on client versions of Windows
#

---------------  S U M M A R Y ------------

Command Line: --add-opens=java.base/java.util=ALL-UNNAMED -XX:+HeapDumpOnOutOfMemoryError -Xmx1024m -Dfile.encoding=windows-1251 -Duser.country=RU -Duser.language=ru -Duser.variant org.gradle.launcher.daemon.bootstrap.GradleDaemon 4.10

Host: Intel(R) Core(TM) i5-4430 CPU @ 3.00GHz, 4 cores, 15G,  Windows 10 , 64 bit Build 19041 (10.0.19041.804)
Time: Tue Apr  6 15:30:57 2021 Финляндия (лето) elapsed time: 17 seconds (0d 0h 0m 17s)

---------------  T H R E A D  ---------------

Current thread (0x00000173f326a800):  JavaThread "C2 CompilerThread0" daemon [_thread_in_native, id=6740, stack(0x0000004c6d700000,0x0000004c6d800000)]


Current CompileTask:
C2:  17747 3365       4       sun.net.util.URLUtil::urlNoFragString (114 bytes)

Stack: [0x0000004c6d700000,0x0000004c6d800000]
Native frames: (J=compiled Java code, j=interpreted, Vv=VM code, C=native code)
V  [jvm.dll+0x63489a]
V  [jvm.dll+0x771f9f]
V  [jvm.dll+0x773648]
V  [jvm.dll+0x773d03]
V  [jvm.dll+0x25eba8]
V  [jvm.dll+0xc2191]
V  [jvm.dll+0xc271c]
V  [jvm.dll+0x36cc47]
V  [jvm.dll+0x339b13]
V  [jvm.dll+0x338eea]
V  [jvm.dll+0x2189c5]
V  [jvm.dll+0x217b6a]
V  [jvm.dll+0x194370]
V  [jvm.dll+0x226b3f]
V  [jvm.dll+0x225148]
V  [jvm.dll+0x73774d]
V  [jvm.dll+0x633942]
C  [ucrtbase.dll+0x21bb2]
C  [KERNEL32.DLL+0x17034]
C  [ntdll.dll+0x52651]


---------------  P R O C E S S  ---------------

Threads class SMR info:
_java_thread_list=0x00000173f766a990, length=25, elements={
0x00000173d6485800, 0x00000173f3210800, 0x00000173f3219800, 0x00000173f3267800,
0x00000173f3268800, 0x00000173f326a800, 0x00000173f326e000, 0x00000173f3272000,
0x00000173f33cd000, 0x00000173f33f4000, 0x00000173f378b000, 0x00000173f4d4e000,
0x00000173f4b3b000, 0x00000173f4c1c000, 0x00000173f4ac3800, 0x00000173f493a000,
0x00000173f4cfb000, 0x00000173f48ae800, 0x00000173f4e9c800, 0x00000173f4d11000,
0x00000173f50a6000, 0x00000173f50a9000, 0x00000173f50a5000, 0x00000173f50a4800,
0x00000173f50a8800
}

Java Threads: ( => current thread )
  0x00000173d6485800 JavaThread "main" [_thread_blocked, id=5540, stack(0x0000004c6cc00000,0x0000004c6cd00000)]
  0x00000173f3210800 JavaThread "Reference Handler" daemon [_thread_blocked, id=15584, stack(0x0000004c6d300000,0x0000004c6d400000)]
  0x00000173f3219800 JavaThread "Finalizer" daemon [_thread_blocked, id=7444, stack(0x0000004c6d400000,0x0000004c6d500000)]
  0x00000173f3267800 JavaThread "Signal Dispatcher" daemon [_thread_blocked, id=9396, stack(0x0000004c6d500000,0x0000004c6d600000)]
  0x00000173f3268800 JavaThread "Attach Listener" daemon [_thread_blocked, id=10932, stack(0x0000004c6d600000,0x0000004c6d700000)]
=>0x00000173f326a800 JavaThread "C2 CompilerThread0" daemon [_thread_in_native, id=6740, stack(0x0000004c6d700000,0x0000004c6d800000)]
  0x00000173f326e000 JavaThread "C1 CompilerThread0" daemon [_thread_blocked, id=3596, stack(0x0000004c6d800000,0x0000004c6d900000)]
  0x00000173f3272000 JavaThread "Sweeper thread" daemon [_thread_blocked, id=1876, stack(0x0000004c6d900000,0x0000004c6da00000)]
  0x00000173f33cd000 JavaThread "Common-Cleaner" daemon [_thread_blocked, id=15560, stack(0x0000004c6da00000,0x0000004c6db00000)]
  0x00000173f33f4000 JavaThread "Service Thread" daemon [_thread_blocked, id=14832, stack(0x0000004c6db00000,0x0000004c6dc00000)]
  0x00000173f378b000 JavaThread "Incoming local TCP Connector on port 4052" [_thread_in_native, id=3544, stack(0x0000004c6dd00000,0x0000004c6de00000)]
  0x00000173f4d4e000 JavaThread "Daemon periodic checks" [_thread_blocked, id=15672, stack(0x0000004c6e200000,0x0000004c6e300000)]
  0x00000173f4b3b000 JavaThread "Daemon" [_thread_blocked, id=5252, stack(0x0000004c6e300000,0x0000004c6e400000)]
  0x00000173f4c1c000 JavaThread "Handler for socket connection from /127.0.0.1:4052 to /127.0.0.1:4053" [_thread_in_native, id=11052, stack(0x0000004c6e400000,0x0000004c6e500000)]
  0x00000173f4ac3800 JavaThread "Cancel handler" [_thread_blocked, id=12464, stack(0x0000004c6e500000,0x0000004c6e600000)]
  0x00000173f493a000 JavaThread "Daemon worker" [_thread_in_Java, id=12268, stack(0x0000004c6e600000,0x0000004c6e700000)]
  0x00000173f4cfb000 JavaThread "Asynchronous log dispatcher for DefaultDaemonConnection: socket connection from /127.0.0.1:4052 to /127.0.0.1:4053" [_thread_blocked, id=11128, stack(0x0000004c6e700000,0x0000004c6e800000)]
  0x00000173f48ae800 JavaThread "Stdin handler" [_thread_blocked, id=10688, stack(0x0000004c6e800000,0x0000004c6e900000)]
  0x00000173f4e9c800 JavaThread "Cache worker for file hash cache (C:\Users\max_yav\.gradle\caches\4.10\fileHashes)" [_thread_blocked, id=15244, stack(0x0000004c6e900000,0x0000004c6ea00000)]
  0x00000173f4d11000 JavaThread "File lock request listener" [_thread_in_native, id=10540, stack(0x0000004c6ea00000,0x0000004c6eb00000)]
  0x00000173f50a6000 JavaThread "Cache worker for file hash cache (D:\Trash\BrainStorm\.gradle\4.10\fileHashes)" [_thread_blocked, id=11784, stack(0x0000004c6eb00000,0x0000004c6ec00000)]
  0x00000173f50a9000 JavaThread "Cache worker for journal cache (C:\Users\max_yav\.gradle\caches\journal-1)" [_thread_blocked, id=1600, stack(0x0000004c6ec00000,0x0000004c6ed00000)]
  0x00000173f50a5000 JavaThread "Cache worker for cache directory md-supplier (C:\Users\max_yav\.gradle\caches\4.10\md-supplier)" [_thread_blocked, id=10784, stack(0x0000004c6ed00000,0x0000004c6ee00000)]
  0x00000173f50a4800 JavaThread "Cache worker for cache directory md-rule (C:\Users\max_yav\.gradle\caches\4.10\md-rule)" [_thread_blocked, id=13952, stack(0x0000004c6ee00000,0x0000004c6ef00000)]
  0x00000173f50a8800 JavaThread "Cache worker for Artifact transforms cache (C:\Users\max_yav\.gradle\caches\transforms-1)" [_thread_blocked, id=3856, stack(0x0000004c6ef00000,0x0000004c6f000000)]

Other Threads:
  0x00000173f29fc800 VMThread "VM Thread" [stack: 0x0000004c6d200000,0x0000004c6d300000] [id=12068]
  0x00000173f33f5000 WatcherThread [stack: 0x0000004c6dc00000,0x0000004c6dd00000] [id=15224]
  0x00000173d649e800 GCTaskThread "GC Thread#0" [stack: 0x0000004c6cd00000,0x0000004c6ce00000] [id=912]
  0x00000173f3c35000 GCTaskThread "GC Thread#1" [stack: 0x0000004c6de00000,0x0000004c6df00000] [id=4040]
  0x00000173f3c36000 GCTaskThread "GC Thread#2" [stack: 0x0000004c6df00000,0x0000004c6e000000] [id=4676]
  0x00000173f3b90000 GCTaskThread "GC Thread#3" [stack: 0x0000004c6e000000,0x0000004c6e100000] [id=7172]
  0x00000173d64b8800 ConcurrentGCThread "G1 Main Marker" [stack: 0x0000004c6ce00000,0x0000004c6cf00000] [id=10612]
  0x00000173d64ba000 ConcurrentGCThread "G1 Conc#0" [stack: 0x0000004c6cf00000,0x0000004c6d000000] [id=5988]
  0x00000173f284a800 ConcurrentGCThread "G1 Refine#0" [stack: 0x0000004c6d000000,0x0000004c6d100000] [id=6348]
  0x00000173f37eb000 ConcurrentGCThread "G1 Refine#1" [stack: 0x0000004c6e100000,0x0000004c6e200000] [id=14412]
  0x00000173f284b000 ConcurrentGCThread "G1 Young RemSet Sampling" [stack: 0x0000004c6d100000,0x0000004c6d200000] [id=12368]

Threads with active compile tasks:
C2 CompilerThread03365       4       sun.net.util.URLUtil::urlNoFragString (114 bytes)

VM state:not at safepoint (normal execution)

VM Mutex/Monitor currently owned by a thread: None

Heap address: 0x00000000c0000000, size: 1024 MB, Compressed Oops mode: 32-bit
Narrow klass base: 0x0000000000000000, Narrow klass shift: 3
Compressed class space size: 1073741824 Address: 0x0000000100000000

Heap:
 garbage-first heap   total 262144K, used 115048K [0x00000000c0000000, 0x0000000100000000)
  region size 1024K, 86 young (88064K), 4 survivors (4096K)
 Metaspace       used 37576K, capacity 38312K, committed 38656K, reserved 1083392K
  class space    used 4739K, capacity 4993K, committed 5120K, reserved 1048576K
Heap Regions: E=young(eden), S=young(survivor), O=old, HS=humongous(starts), HC=humongous(continues), CS=collection set, F=free, A=archive, TAMS=top-at-mark-start (previous, next)
|   0|0x00000000c0000000, 0x00000000c0100000, 0x00000000c0100000|100%|HS|  |TAMS 0x00000000c0100000, 0x00000000c0000000| Complete 
|   1|0x00000000c0100000, 0x00000000c0200000, 0x00000000c0200000|100%|HC|  |TAMS 0x00000000c0200000, 0x00000000c0100000| Complete 
|   2|0x00000000c0200000, 0x00000000c0300000, 0x00000000c0300000|100%| O|  |TAMS 0x00000000c0300000, 0x00000000c0200000| Untracked 
|   3|0x00000000c0300000, 0x00000000c0400000, 0x00000000c0400000|100%| O|  |TAMS 0x00000000c0400000, 0x00000000c0300000| Untracked 
|   4|0x00000000c0400000, 0x00000000c0500000, 0x00000000c0500000|100%| O|  |TAMS 0x00000000c0500000, 0x00000000c0400000| Untracked 
|   5|0x00000000c0500000, 0x00000000c0600000, 0x00000000c0600000|100%| O|  |TAMS 0x00000000c0600000, 0x00000000c0500000| Untracked 
|   6|0x00000000c0600000, 0x00000000c0700000, 0x00000000c0700000|100%| O|  |TAMS 0x00000000c0700000, 0x00000000c0600000| Untracked 
|   7|0x00000000c0700000, 0x00000000c0800000, 0x00000000c0800000|100%| O|  |TAMS 0x00000000c0800000, 0x00000000c0700000| Untracked 
|   8|0x00000000c0800000, 0x00000000c0900000, 0x00000000c0900000|100%| O|  |TAMS 0x00000000c0900000, 0x00000000c0800000| Untracked 
|   9|0x00000000c0900000, 0x00000000c0a00000, 0x00000000c0a00000|100%| O|  |TAMS 0x00000000c0a00000, 0x00000000c0900000| Untracked 
|  10|0x00000000c0a00000, 0x00000000c0b00000, 0x00000000c0b00000|100%| O|  |TAMS 0x00000000c0b00000, 0x00000000c0a00000| Untracked 
|  11|0x00000000c0b00000, 0x00000000c0c00000, 0x00000000c0c00000|100%| O|  |TAMS 0x00000000c0c00000, 0x00000000c0b00000| Untracked 
|  12|0x00000000c0c00000, 0x00000000c0d00000, 0x00000000c0d00000|100%|HS|  |TAMS 0x00000000c0d00000, 0x00000000c0c00000| Complete 
|  13|0x00000000c0d00000, 0x00000000c0e00000, 0x00000000c0e00000|100%|HC|  |TAMS 0x00000000c0e00000, 0x00000000c0d00000| Complete 
|  14|0x00000000c0e00000, 0x00000000c0f00000, 0x00000000c0f00000|100%|HS|  |TAMS 0x00000000c0f00000, 0x00000000c0e00000| Complete 
|  15|0x00000000c0f00000, 0x00000000c1000000, 0x00000000c1000000|100%|HC|  |TAMS 0x00000000c1000000, 0x00000000c0f00000| Complete 
|  16|0x00000000c1000000, 0x00000000c1100000, 0x00000000c1100000|100%|HC|  |TAMS 0x00000000c1100000, 0x00000000c1000000| Complete 
|  17|0x00000000c1100000, 0x00000000c1200000, 0x00000000c1200000|100%|HS|  |TAMS 0x00000000c1200000, 0x00000000c1100000| Complete 
|  18|0x00000000c1200000, 0x00000000c1300000, 0x00000000c1300000|100%|HC|  |TAMS 0x00000000c1300000, 0x00000000c1200000| Complete 
|  19|0x00000000c1300000, 0x00000000c1400000, 0x00000000c1400000|100%|HC|  |TAMS 0x00000000c1400000, 0x00000000c1300000| Complete 
|  20|0x00000000c1400000, 0x00000000c1500000, 0x00000000c1500000|100%|HC|  |TAMS 0x00000000c1500000, 0x00000000c1400000| Complete 
|  21|0x00000000c1500000, 0x00000000c1600000, 0x00000000c1600000|100%| O|  |TAMS 0x00000000c1500000, 0x00000000c1500000| Untracked 
|  22|0x00000000c1600000, 0x00000000c1700000, 0x00000000c1700000|100%| O|  |TAMS 0x00000000c1600000, 0x00000000c1600000| Untracked 
|  23|0x00000000c1700000, 0x00000000c1800000, 0x00000000c1800000|100%| O|  |TAMS 0x00000000c1700000, 0x00000000c1700000| Untracked 
|  24|0x00000000c1800000, 0x00000000c1900000, 0x00000000c1900000|100%| O|  |TAMS 0x00000000c1900000, 0x00000000c1800000| Untracked 
|  25|0x00000000c1900000, 0x00000000c1a00000, 0x00000000c1a00000|100%| O|  |TAMS 0x00000000c1999200, 0x00000000c1900000| Untracked 
|  26|0x00000000c1a00000, 0x00000000c1b00000, 0x00000000c1b00000|100%| O|  |TAMS 0x00000000c1a00000, 0x00000000c1a00000| Untracked 
|  27|0x00000000c1b00000, 0x00000000c1b98800, 0x00000000c1c00000| 59%| O|  |TAMS 0x00000000c1b00000, 0x00000000c1b00000| Untracked 
|  28|0x00000000c1c00000, 0x00000000c1c00000, 0x00000000c1d00000|  0%| F|  |TAMS 0x00000000c1c00000, 0x00000000c1c00000| Untracked 
|  29|0x00000000c1d00000, 0x00000000c1d00000, 0x00000000c1e00000|  0%| F|  |TAMS 0x00000000c1d00000, 0x00000000c1d00000| Untracked 
|  30|0x00000000c1e00000, 0x00000000c1e00000, 0x00000000c1f00000|  0%| F|  |TAMS 0x00000000c1e00000, 0x00000000c1e00000| Untracked 
|  31|0x00000000c1f00000, 0x00000000c1f00000, 0x00000000c2000000|  0%| F|  |TAMS 0x00000000c1f00000, 0x00000000c1f00000| Untracked 
|  32|0x00000000c2000000, 0x00000000c2000000, 0x00000000c2100000|  0%| F|  |TAMS 0x00000000c2000000, 0x00000000c2000000| Untracked 
|  33|0x00000000c2100000, 0x00000000c2100000, 0x00000000c2200000|  0%| F|  |TAMS 0x00000000c2100000, 0x00000000c2100000| Untracked 
|  34|0x00000000c2200000, 0x00000000c2200000, 0x00000000c2300000|  0%| F|  |TAMS 0x00000000c2200000, 0x00000000c2200000| Untracked 
|  35|0x00000000c2300000, 0x00000000c2300000, 0x00000000c2400000|  0%| F|  |TAMS 0x00000000c2300000, 0x00000000c2300000| Untracked 
|  36|0x00000000c2400000, 0x00000000c2400000, 0x00000000c2500000|  0%| F|  |TAMS 0x00000000c2400000, 0x00000000c2400000| Untracked 
|  37|0x00000000c2500000, 0x00000000c2500000, 0x00000000c2600000|  0%| F|  |TAMS 0x00000000c2500000, 0x00000000c2500000| Untracked 
|  38|0x00000000c2600000, 0x00000000c2600000, 0x00000000c2700000|  0%| F|  |TAMS 0x00000000c2600000, 0x00000000c2600000| Untracked 
|  39|0x00000000c2700000, 0x00000000c2700000, 0x00000000c2800000|  0%| F|  |TAMS 0x00000000c2700000, 0x00000000c2700000| Untracked 
|  40|0x00000000c2800000, 0x00000000c2800000, 0x00000000c2900000|  0%| F|  |TAMS 0x00000000c2800000, 0x00000000c2800000| Untracked 
|  41|0x00000000c2900000, 0x00000000c2900000, 0x00000000c2a00000|  0%| F|  |TAMS 0x00000000c2900000, 0x00000000c2900000| Untracked 
|  42|0x00000000c2a00000, 0x00000000c2a00000, 0x00000000c2b00000|  0%| F|  |TAMS 0x00000000c2a00000, 0x00000000c2a00000| Untracked 
|  43|0x00000000c2b00000, 0x00000000c2b00000, 0x00000000c2c00000|  0%| F|  |TAMS 0x00000000c2b00000, 0x00000000c2b00000| Untracked 
|  44|0x00000000c2c00000, 0x00000000c2c00000, 0x00000000c2d00000|  0%| F|  |TAMS 0x00000000c2c00000, 0x00000000c2c00000| Untracked 
|  45|0x00000000c2d00000, 0x00000000c2d00000, 0x00000000c2e00000|  0%| F|  |TAMS 0x00000000c2d00000, 0x00000000c2d00000| Untracked 
|  46|0x00000000c2e00000, 0x00000000c2e00000, 0x00000000c2f00000|  0%| F|  |TAMS 0x00000000c2e00000, 0x00000000c2e00000| Untracked 
|  47|0x00000000c2f00000, 0x00000000c2f00000, 0x00000000c3000000|  0%| F|  |TAMS 0x00000000c2f00000, 0x00000000c2f00000| Untracked 
|  48|0x00000000c3000000, 0x00000000c3000000, 0x00000000c3100000|  0%| F|  |TAMS 0x00000000c3000000, 0x00000000c3000000| Untracked 
|  49|0x00000000c3100000, 0x00000000c3100000, 0x00000000c3200000|  0%| F|  |TAMS 0x00000000c3100000, 0x00000000c3100000| Untracked 
|  50|0x00000000c3200000, 0x00000000c3200000, 0x00000000c3300000|  0%| F|  |TAMS 0x00000000c3200000, 0x00000000c3200000| Untracked 
|  51|0x00000000c3300000, 0x00000000c3300000, 0x00000000c3400000|  0%| F|  |TAMS 0x00000000c3300000, 0x00000000c3300000| Untracked 
|  52|0x00000000c3400000, 0x00000000c3400000, 0x00000000c3500000|  0%| F|  |TAMS 0x00000000c3400000, 0x00000000c3400000| Untracked 
|  53|0x00000000c3500000, 0x00000000c3500000, 0x00000000c3600000|  0%| F|  |TAMS 0x00000000c3500000, 0x00000000c3500000| Untracked 
|  54|0x00000000c3600000, 0x00000000c3600000, 0x00000000c3700000|  0%| F|  |TAMS 0x00000000c3600000, 0x00000000c3600000| Untracked 
|  55|0x00000000c3700000, 0x00000000c3700000, 0x00000000c3800000|  0%| F|  |TAMS 0x00000000c3700000, 0x00000000c3700000| Untracked 
|  56|0x00000000c3800000, 0x00000000c3800000, 0x00000000c3900000|  0%| F|  |TAMS 0x00000000c3800000, 0x00000000c3800000| Untracked 
|  57|0x00000000c3900000, 0x00000000c3900000, 0x00000000c3a00000|  0%| F|  |TAMS 0x00000000c3900000, 0x00000000c3900000| Untracked 
|  58|0x00000000c3a00000, 0x00000000c3a00000, 0x00000000c3b00000|  0%| F|  |TAMS 0x00000000c3a00000, 0x00000000c3a00000| Untracked 
|  59|0x00000000c3b00000, 0x00000000c3b00000, 0x00000000c3c00000|  0%| F|  |TAMS 0x00000000c3b00000, 0x00000000c3b00000| Untracked 
|  60|0x00000000c3c00000, 0x00000000c3c00000, 0x00000000c3d00000|  0%| F|  |TAMS 0x00000000c3c00000, 0x00000000c3c00000| Untracked 
|  61|0x00000000c3d00000, 0x00000000c3d00000, 0x00000000c3e00000|  0%| F|  |TAMS 0x00000000c3d00000, 0x00000000c3d00000| Untracked 
|  62|0x00000000c3e00000, 0x00000000c3e00000, 0x00000000c3f00000|  0%| F|  |TAMS 0x00000000c3e00000, 0x00000000c3e00000| Untracked 
|  63|0x00000000c3f00000, 0x00000000c3f00000, 0x00000000c4000000|  0%| F|  |TAMS 0x00000000c3f00000, 0x00000000c3f00000| Untracked 
|  64|0x00000000c4000000, 0x00000000c4000000, 0x00000000c4100000|  0%| F|  |TAMS 0x00000000c4000000, 0x00000000c4000000| Untracked 
|  65|0x00000000c4100000, 0x00000000c4100000, 0x00000000c4200000|  0%| F|  |TAMS 0x00000000c4100000, 0x00000000c4100000| Untracked 
|  66|0x00000000c4200000, 0x00000000c4200000, 0x00000000c4300000|  0%| F|  |TAMS 0x00000000c4200000, 0x00000000c4200000| Untracked 
|  67|0x00000000c4300000, 0x00000000c4300000, 0x00000000c4400000|  0%| F|  |TAMS 0x00000000c4300000, 0x00000000c4300000| Untracked 
|  68|0x00000000c4400000, 0x00000000c4400000, 0x00000000c4500000|  0%| F|  |TAMS 0x00000000c4400000, 0x00000000c4400000| Untracked 
|  69|0x00000000c4500000, 0x00000000c4500000, 0x00000000c4600000|  0%| F|  |TAMS 0x00000000c4500000, 0x00000000c4500000| Untracked 
|  70|0x00000000c4600000, 0x00000000c4600000, 0x00000000c4700000|  0%| F|  |TAMS 0x00000000c4600000, 0x00000000c4600000| Untracked 
|  71|0x00000000c4700000, 0x00000000c4700000, 0x00000000c4800000|  0%| F|  |TAMS 0x00000000c4700000, 0x00000000c4700000| Untracked 
|  72|0x00000000c4800000, 0x00000000c4800000, 0x00000000c4900000|  0%| F|  |TAMS 0x00000000c4800000, 0x00000000c4800000| Untracked 
|  73|0x00000000c4900000, 0x00000000c4900000, 0x00000000c4a00000|  0%| F|  |TAMS 0x00000000c4900000, 0x00000000c4900000| Untracked 
|  74|0x00000000c4a00000, 0x00000000c4a00000, 0x00000000c4b00000|  0%| F|  |TAMS 0x00000000c4a00000, 0x00000000c4a00000| Untracked 
|  75|0x00000000c4b00000, 0x00000000c4b00000, 0x00000000c4c00000|  0%| F|  |TAMS 0x00000000c4b00000, 0x00000000c4b00000| Untracked 
|  76|0x00000000c4c00000, 0x00000000c4c00000, 0x00000000c4d00000|  0%| F|  |TAMS 0x00000000c4c00000, 0x00000000c4c00000| Untracked 
|  77|0x00000000c4d00000, 0x00000000c4d00000, 0x00000000c4e00000|  0%| F|  |TAMS 0x00000000c4d00000, 0x00000000c4d00000| Untracked 
|  78|0x00000000c4e00000, 0x00000000c4e00000, 0x00000000c4f00000|  0%| F|  |TAMS 0x00000000c4e00000, 0x00000000c4e00000| Untracked 
|  79|0x00000000c4f00000, 0x00000000c4f00000, 0x00000000c5000000|  0%| F|  |TAMS 0x00000000c4f00000, 0x00000000c4f00000| Untracked 
|  80|0x00000000c5000000, 0x00000000c5000000, 0x00000000c5100000|  0%| F|  |TAMS 0x00000000c5000000, 0x00000000c5000000| Untracked 
|  81|0x00000000c5100000, 0x00000000c5100000, 0x00000000c5200000|  0%| F|  |TAMS 0x00000000c5100000, 0x00000000c5100000| Untracked 
|  82|0x00000000c5200000, 0x00000000c5200000, 0x00000000c5300000|  0%| F|  |TAMS 0x00000000c5200000, 0x00000000c5200000| Untracked 
|  83|0x00000000c5300000, 0x00000000c5300000, 0x00000000c5400000|  0%| F|  |TAMS 0x00000000c5300000, 0x00000000c5300000| Untracked 
|  84|0x00000000c5400000, 0x00000000c5400000, 0x00000000c5500000|  0%| F|  |TAMS 0x00000000c5400000, 0x00000000c5400000| Untracked 
|  85|0x00000000c5500000, 0x00000000c5500000, 0x00000000c5600000|  0%| F|  |TAMS 0x00000000c5500000, 0x00000000c5500000| Untracked 
|  86|0x00000000c5600000, 0x00000000c5600000, 0x00000000c5700000|  0%| F|  |TAMS 0x00000000c5600000, 0x00000000c5600000| Untracked 
|  87|0x00000000c5700000, 0x00000000c5700000, 0x00000000c5800000|  0%| F|  |TAMS 0x00000000c5700000, 0x00000000c5700000| Untracked 
|  88|0x00000000c5800000, 0x00000000c5800000, 0x00000000c5900000|  0%| F|  |TAMS 0x00000000c5800000, 0x00000000c5800000| Untracked 
|  89|0x00000000c5900000, 0x00000000c5900000, 0x00000000c5a00000|  0%| F|  |TAMS 0x00000000c5900000, 0x00000000c5900000| Untracked 
|  90|0x00000000c5a00000, 0x00000000c5a00000, 0x00000000c5b00000|  0%| F|  |TAMS 0x00000000c5a00000, 0x00000000c5a00000| Untracked 
|  91|0x00000000c5b00000, 0x00000000c5b00000, 0x00000000c5c00000|  0%| F|  |TAMS 0x00000000c5b00000, 0x00000000c5b00000| Untracked 
|  92|0x00000000c5c00000, 0x00000000c5c00000, 0x00000000c5d00000|  0%| F|  |TAMS 0x00000000c5c00000, 0x00000000c5c00000| Untracked 
|  93|0x00000000c5d00000, 0x00000000c5d00000, 0x00000000c5e00000|  0%| F|  |TAMS 0x00000000c5d00000, 0x00000000c5d00000| Untracked 
|  94|0x00000000c5e00000, 0x00000000c5e00000, 0x00000000c5f00000|  0%| F|  |TAMS 0x00000000c5e00000, 0x00000000c5e00000| Untracked 
|  95|0x00000000c5f00000, 0x00000000c5f00000, 0x00000000c6000000|  0%| F|  |TAMS 0x00000000c5f00000, 0x00000000c5f00000| Untracked 
|  96|0x00000000c6000000, 0x00000000c6000000, 0x00000000c6100000|  0%| F|  |TAMS 0x00000000c6000000, 0x00000000c6000000| Untracked 
|  97|0x00000000c6100000, 0x00000000c6100000, 0x00000000c6200000|  0%| F|  |TAMS 0x00000000c6100000, 0x00000000c6100000| Untracked 
|  98|0x00000000c6200000, 0x00000000c6200000, 0x00000000c6300000|  0%| F|  |TAMS 0x00000000c6200000, 0x00000000c6200000| Untracked 
|  99|0x00000000c6300000, 0x00000000c6300000, 0x00000000c6400000|  0%| F|  |TAMS 0x00000000c6300000, 0x00000000c6300000| Untracked 
| 100|0x00000000c6400000, 0x00000000c6400000, 0x00000000c6500000|  0%| F|  |TAMS 0x00000000c6400000, 0x00000000c6400000| Untracked 
| 101|0x00000000c6500000, 0x00000000c6500000, 0x00000000c6600000|  0%| F|  |TAMS 0x00000000c6500000, 0x00000000c6500000| Untracked 
| 102|0x00000000c6600000, 0x00000000c6600000, 0x00000000c6700000|  0%| F|  |TAMS 0x00000000c6600000, 0x00000000c6600000| Untracked 
| 103|0x00000000c6700000, 0x00000000c6700000, 0x00000000c6800000|  0%| F|  |TAMS 0x00000000c6700000, 0x00000000c6700000| Untracked 
| 104|0x00000000c6800000, 0x00000000c6800000, 0x00000000c6900000|  0%| F|  |TAMS 0x00000000c6800000, 0x00000000c6800000| Untracked 
| 105|0x00000000c6900000, 0x00000000c6900000, 0x00000000c6a00000|  0%| F|  |TAMS 0x00000000c6900000, 0x00000000c6900000| Untracked 
| 106|0x00000000c6a00000, 0x00000000c6a00000, 0x00000000c6b00000|  0%| F|  |TAMS 0x00000000c6a00000, 0x00000000c6a00000| Untracked 
| 107|0x00000000c6b00000, 0x00000000c6b00000, 0x00000000c6c00000|  0%| F|  |TAMS 0x00000000c6b00000, 0x00000000c6b00000| Untracked 
| 108|0x00000000c6c00000, 0x00000000c6c00000, 0x00000000c6d00000|  0%| F|  |TAMS 0x00000000c6c00000, 0x00000000c6c00000| Untracked 
| 109|0x00000000c6d00000, 0x00000000c6d00000, 0x00000000c6e00000|  0%| F|  |TAMS 0x00000000c6d00000, 0x00000000c6d00000| Untracked 
| 110|0x00000000c6e00000, 0x00000000c6e00000, 0x00000000c6f00000|  0%| F|  |TAMS 0x00000000c6e00000, 0x00000000c6e00000| Untracked 
| 111|0x00000000c6f00000, 0x00000000c6f00000, 0x00000000c7000000|  0%| F|  |TAMS 0x00000000c6f00000, 0x00000000c6f00000| Untracked 
| 112|0x00000000c7000000, 0x00000000c7000000, 0x00000000c7100000|  0%| F|  |TAMS 0x00000000c7000000, 0x00000000c7000000| Untracked 
| 113|0x00000000c7100000, 0x00000000c7100000, 0x00000000c7200000|  0%| F|  |TAMS 0x00000000c7100000, 0x00000000c7100000| Untracked 
| 114|0x00000000c7200000, 0x00000000c7200000, 0x00000000c7300000|  0%| F|  |TAMS 0x00000000c7200000, 0x00000000c7200000| Untracked 
| 115|0x00000000c7300000, 0x00000000c7300000, 0x00000000c7400000|  0%| F|  |TAMS 0x00000000c7300000, 0x00000000c7300000| Untracked 
| 116|0x00000000c7400000, 0x00000000c7400000, 0x00000000c7500000|  0%| F|  |TAMS 0x00000000c7400000, 0x00000000c7400000| Untracked 
| 117|0x00000000c7500000, 0x00000000c7500000, 0x00000000c7600000|  0%| F|  |TAMS 0x00000000c7500000, 0x00000000c7500000| Untracked 
| 118|0x00000000c7600000, 0x00000000c7600000, 0x00000000c7700000|  0%| F|  |TAMS 0x00000000c7600000, 0x00000000c7600000| Untracked 
| 119|0x00000000c7700000, 0x00000000c7700000, 0x00000000c7800000|  0%| F|  |TAMS 0x00000000c7700000, 0x00000000c7700000| Untracked 
| 120|0x00000000c7800000, 0x00000000c7800000, 0x00000000c7900000|  0%| F|  |TAMS 0x00000000c7800000, 0x00000000c7800000| Untracked 
| 121|0x00000000c7900000, 0x00000000c7900000, 0x00000000c7a00000|  0%| F|  |TAMS 0x00000000c7900000, 0x00000000c7900000| Untracked 
| 122|0x00000000c7a00000, 0x00000000c7a00000, 0x00000000c7b00000|  0%| F|  |TAMS 0x00000000c7a00000, 0x00000000c7a00000| Untracked 
| 123|0x00000000c7b00000, 0x00000000c7b00000, 0x00000000c7c00000|  0%| F|  |TAMS 0x00000000c7b00000, 0x00000000c7b00000| Untracked 
| 124|0x00000000c7c00000, 0x00000000c7cc18c0, 0x00000000c7d00000| 75%| S|CS|TAMS 0x00000000c7c00000, 0x00000000c7c00000| Complete 
| 125|0x00000000c7d00000, 0x00000000c7e00000, 0x00000000c7e00000|100%| S|CS|TAMS 0x00000000c7d00000, 0x00000000c7d00000| Complete 
| 126|0x00000000c7e00000, 0x00000000c7f00000, 0x00000000c7f00000|100%| S|CS|TAMS 0x00000000c7e00000, 0x00000000c7e00000| Complete 
| 127|0x00000000c7f00000, 0x00000000c8000000, 0x00000000c8000000|100%| S|CS|TAMS 0x00000000c7f00000, 0x00000000c7f00000| Complete 
| 128|0x00000000c8000000, 0x00000000c8000000, 0x00000000c8100000|  0%| F|  |TAMS 0x00000000c8000000, 0x00000000c8000000| Untracked 
| 129|0x00000000c8100000, 0x00000000c8100000, 0x00000000c8200000|  0%| F|  |TAMS 0x00000000c8100000, 0x00000000c8100000| Untracked 
| 130|0x00000000c8200000, 0x00000000c8200000, 0x00000000c8300000|  0%| F|  |TAMS 0x00000000c8200000, 0x00000000c8200000| Untracked 
| 131|0x00000000c8300000, 0x00000000c8300000, 0x00000000c8400000|  0%| F|  |TAMS 0x00000000c8300000, 0x00000000c8300000| Untracked 
| 132|0x00000000c8400000, 0x00000000c8400000, 0x00000000c8500000|  0%| F|  |TAMS 0x00000000c8400000, 0x00000000c8400000| Untracked 
| 133|0x00000000c8500000, 0x00000000c8500000, 0x00000000c8600000|  0%| F|  |TAMS 0x00000000c8500000, 0x00000000c8500000| Untracked 
| 134|0x00000000c8600000, 0x00000000c8600000, 0x00000000c8700000|  0%| F|  |TAMS 0x00000000c8600000, 0x00000000c8600000| Untracked 
| 135|0x00000000c8700000, 0x00000000c8700000, 0x00000000c8800000|  0%| F|  |TAMS 0x00000000c8700000, 0x00000000c8700000| Untracked 
| 136|0x00000000c8800000, 0x00000000c8800000, 0x00000000c8900000|  0%| F|  |TAMS 0x00000000c8800000, 0x00000000c8800000| Untracked 
| 137|0x00000000c8900000, 0x00000000c8900000, 0x00000000c8a00000|  0%| F|  |TAMS 0x00000000c8900000, 0x00000000c8900000| Untracked 
| 138|0x00000000c8a00000, 0x00000000c8a00000, 0x00000000c8b00000|  0%| F|  |TAMS 0x00000000c8a00000, 0x00000000c8a00000| Untracked 
| 139|0x00000000c8b00000, 0x00000000c8b00000, 0x00000000c8c00000|  0%| F|  |TAMS 0x00000000c8b00000, 0x00000000c8b00000| Untracked 
| 140|0x00000000c8c00000, 0x00000000c8c00000, 0x00000000c8d00000|  0%| F|  |TAMS 0x00000000c8c00000, 0x00000000c8c00000| Untracked 
| 141|0x00000000c8d00000, 0x00000000c8d00000, 0x00000000c8e00000|  0%| F|  |TAMS 0x00000000c8d00000, 0x00000000c8d00000| Untracked 
| 142|0x00000000c8e00000, 0x00000000c8e00000, 0x00000000c8f00000|  0%| F|  |TAMS 0x00000000c8e00000, 0x00000000c8e00000| Untracked 
| 143|0x00000000c8f00000, 0x00000000c8f00000, 0x00000000c9000000|  0%| F|  |TAMS 0x00000000c8f00000, 0x00000000c8f00000| Untracked 
| 144|0x00000000c9000000, 0x00000000c9000000, 0x00000000c9100000|  0%| F|  |TAMS 0x00000000c9000000, 0x00000000c9000000| Untracked 
| 145|0x00000000c9100000, 0x00000000c9100000, 0x00000000c9200000|  0%| F|  |TAMS 0x00000000c9100000, 0x00000000c9100000| Untracked 
| 146|0x00000000c9200000, 0x00000000c9200000, 0x00000000c9300000|  0%| F|  |TAMS 0x00000000c9200000, 0x00000000c9200000| Untracked 
| 147|0x00000000c9300000, 0x00000000c9300000, 0x00000000c9400000|  0%| F|  |TAMS 0x00000000c9300000, 0x00000000c9300000| Untracked 
| 148|0x00000000c9400000, 0x00000000c9400000, 0x00000000c9500000|  0%| F|  |TAMS 0x00000000c9400000, 0x00000000c9400000| Untracked 
| 149|0x00000000c9500000, 0x00000000c9500000, 0x00000000c9600000|  0%| F|  |TAMS 0x00000000c9500000, 0x00000000c9500000| Untracked 
| 150|0x00000000c9600000, 0x00000000c9600000, 0x00000000c9700000|  0%| F|  |TAMS 0x00000000c9600000, 0x00000000c9600000| Untracked 
| 151|0x00000000c9700000, 0x00000000c9700000, 0x00000000c9800000|  0%| F|  |TAMS 0x00000000c9700000, 0x00000000c9700000| Untracked 
| 152|0x00000000c9800000, 0x00000000c9800000, 0x00000000c9900000|  0%| F|  |TAMS 0x00000000c9800000, 0x00000000c9800000| Untracked 
| 153|0x00000000c9900000, 0x00000000c9900000, 0x00000000c9a00000|  0%| F|  |TAMS 0x00000000c9900000, 0x00000000c9900000| Untracked 
| 154|0x00000000c9a00000, 0x00000000c9a00000, 0x00000000c9b00000|  0%| F|  |TAMS 0x00000000c9a00000, 0x00000000c9a00000| Untracked 
| 155|0x00000000c9b00000, 0x00000000c9b00000, 0x00000000c9c00000|  0%| F|  |TAMS 0x00000000c9b00000, 0x00000000c9b00000| Untracked 
| 156|0x00000000c9c00000, 0x00000000c9c00000, 0x00000000c9d00000|  0%| F|  |TAMS 0x00000000c9c00000, 0x00000000c9c00000| Untracked 
| 157|0x00000000c9d00000, 0x00000000c9d00000, 0x00000000c9e00000|  0%| F|  |TAMS 0x00000000c9d00000, 0x00000000c9d00000| Untracked 
| 158|0x00000000c9e00000, 0x00000000c9e00000, 0x00000000c9f00000|  0%| F|  |TAMS 0x00000000c9e00000, 0x00000000c9e00000| Untracked 
| 159|0x00000000c9f00000, 0x00000000c9f00000, 0x00000000ca000000|  0%| F|  |TAMS 0x00000000c9f00000, 0x00000000c9f00000| Untracked 
| 160|0x00000000ca000000, 0x00000000ca000000, 0x00000000ca100000|  0%| F|  |TAMS 0x00000000ca000000, 0x00000000ca000000| Untracked 
| 161|0x00000000ca100000, 0x00000000ca100000, 0x00000000ca200000|  0%| F|  |TAMS 0x00000000ca100000, 0x00000000ca100000| Untracked 
| 162|0x00000000ca200000, 0x00000000ca200000, 0x00000000ca300000|  0%| F|  |TAMS 0x00000000ca200000, 0x00000000ca200000| Untracked 
| 163|0x00000000ca300000, 0x00000000ca300000, 0x00000000ca400000|  0%| F|  |TAMS 0x00000000ca300000, 0x00000000ca300000| Untracked 
| 164|0x00000000ca400000, 0x00000000ca400000, 0x00000000ca500000|  0%| F|  |TAMS 0x00000000ca400000, 0x00000000ca400000| Untracked 
| 165|0x00000000ca500000, 0x00000000ca500000, 0x00000000ca600000|  0%| F|  |TAMS 0x00000000ca500000, 0x00000000ca500000| Untracked 
| 166|0x00000000ca600000, 0x00000000ca600000, 0x00000000ca700000|  0%| F|  |TAMS 0x00000000ca600000, 0x00000000ca600000| Untracked 
| 167|0x00000000ca700000, 0x00000000ca700000, 0x00000000ca800000|  0%| F|  |TAMS 0x00000000ca700000, 0x00000000ca700000| Untracked 
| 168|0x00000000ca800000, 0x00000000ca800000, 0x00000000ca900000|  0%| F|  |TAMS 0x00000000ca800000, 0x00000000ca800000| Untracked 
| 169|0x00000000ca900000, 0x00000000ca900000, 0x00000000caa00000|  0%| F|  |TAMS 0x00000000ca900000, 0x00000000ca900000| Untracked 
| 170|0x00000000caa00000, 0x00000000caa00000, 0x00000000cab00000|  0%| F|  |TAMS 0x00000000caa00000, 0x00000000caa00000| Untracked 
| 171|0x00000000cab00000, 0x00000000cab00000, 0x00000000cac00000|  0%| F|  |TAMS 0x00000000cab00000, 0x00000000cab00000| Untracked 
| 172|0x00000000cac00000, 0x00000000cac00000, 0x00000000cad00000|  0%| F|  |TAMS 0x00000000cac00000, 0x00000000cac00000| Untracked 
| 173|0x00000000cad00000, 0x00000000cad00000, 0x00000000cae00000|  0%| F|  |TAMS 0x00000000cad00000, 0x00000000cad00000| Untracked 
| 174|0x00000000cae00000, 0x00000000cae80800, 0x00000000caf00000| 50%| E|  |TAMS 0x00000000cae00000, 0x00000000cae00000| Complete 
| 175|0x00000000caf00000, 0x00000000cb000000, 0x00000000cb000000|100%| E|CS|TAMS 0x00000000caf00000, 0x00000000caf00000| Complete 
| 176|0x00000000cb000000, 0x00000000cb100000, 0x00000000cb100000|100%| E|CS|TAMS 0x00000000cb000000, 0x00000000cb000000| Complete 
| 177|0x00000000cb100000, 0x00000000cb200000, 0x00000000cb200000|100%| E|CS|TAMS 0x00000000cb100000, 0x00000000cb100000| Complete 
| 178|0x00000000cb200000, 0x00000000cb300000, 0x00000000cb300000|100%| E|CS|TAMS 0x00000000cb200000, 0x00000000cb200000| Complete 
| 179|0x00000000cb300000, 0x00000000cb400000, 0x00000000cb400000|100%| E|CS|TAMS 0x00000000cb300000, 0x00000000cb300000| Complete 
| 180|0x00000000cb400000, 0x00000000cb500000, 0x00000000cb500000|100%| E|CS|TAMS 0x00000000cb400000, 0x00000000cb400000| Complete 
| 181|0x00000000cb500000, 0x00000000cb600000, 0x00000000cb600000|100%| E|CS|TAMS 0x00000000cb500000, 0x00000000cb500000| Complete 
| 182|0x00000000cb600000, 0x00000000cb700000, 0x00000000cb700000|100%| E|CS|TAMS 0x00000000cb600000, 0x00000000cb600000| Complete 
| 183|0x00000000cb700000, 0x00000000cb800000, 0x00000000cb800000|100%| E|CS|TAMS 0x00000000cb700000, 0x00000000cb700000| Complete 
| 184|0x00000000cb800000, 0x00000000cb900000, 0x00000000cb900000|100%| E|CS|TAMS 0x00000000cb800000, 0x00000000cb800000| Complete 
| 185|0x00000000cb900000, 0x00000000cba00000, 0x00000000cba00000|100%| E|CS|TAMS 0x00000000cb900000, 0x00000000cb900000| Complete 
| 186|0x00000000cba00000, 0x00000000cbb00000, 0x00000000cbb00000|100%| E|CS|TAMS 0x00000000cba00000, 0x00000000cba00000| Complete 
| 187|0x00000000cbb00000, 0x00000000cbc00000, 0x00000000cbc00000|100%| E|CS|TAMS 0x00000000cbb00000, 0x00000000cbb00000| Complete 
| 188|0x00000000cbc00000, 0x00000000cbd00000, 0x00000000cbd00000|100%| E|CS|TAMS 0x00000000cbc00000, 0x00000000cbc00000| Complete 
| 189|0x00000000cbd00000, 0x00000000cbe00000, 0x00000000cbe00000|100%| E|CS|TAMS 0x00000000cbd00000, 0x00000000cbd00000| Complete 
| 190|0x00000000cbe00000, 0x00000000cbf00000, 0x00000000cbf00000|100%| E|CS|TAMS 0x00000000cbe00000, 0x00000000cbe00000| Complete 
| 191|0x00000000cbf00000, 0x00000000cc000000, 0x00000000cc000000|100%| E|CS|TAMS 0x00000000cbf00000, 0x00000000cbf00000| Complete 
| 192|0x00000000cc000000, 0x00000000cc100000, 0x00000000cc100000|100%| E|CS|TAMS 0x00000000cc000000, 0x00000000cc000000| Complete 
| 193|0x00000000cc100000, 0x00000000cc200000, 0x00000000cc200000|100%| E|CS|TAMS 0x00000000cc100000, 0x00000000cc100000| Complete 
| 194|0x00000000cc200000, 0x00000000cc300000, 0x00000000cc300000|100%| E|CS|TAMS 0x00000000cc200000, 0x00000000cc200000| Complete 
| 195|0x00000000cc300000, 0x00000000cc400000, 0x00000000cc400000|100%| E|CS|TAMS 0x00000000cc300000, 0x00000000cc300000| Complete 
| 196|0x00000000cc400000, 0x00000000cc500000, 0x00000000cc500000|100%| E|CS|TAMS 0x00000000cc400000, 0x00000000cc400000| Complete 
| 197|0x00000000cc500000, 0x00000000cc600000, 0x00000000cc600000|100%| E|CS|TAMS 0x00000000cc500000, 0x00000000cc500000| Complete 
| 198|0x00000000cc600000, 0x00000000cc700000, 0x00000000cc700000|100%| E|CS|TAMS 0x00000000cc600000, 0x00000000cc600000| Complete 
| 199|0x00000000cc700000, 0x00000000cc800000, 0x00000000cc800000|100%| E|CS|TAMS 0x00000000cc700000, 0x00000000cc700000| Complete 
| 200|0x00000000cc800000, 0x00000000cc900000, 0x00000000cc900000|100%| E|CS|TAMS 0x00000000cc800000, 0x00000000cc800000| Complete 
| 201|0x00000000cc900000, 0x00000000cca00000, 0x00000000cca00000|100%| E|CS|TAMS 0x00000000cc900000, 0x00000000cc900000| Complete 
| 202|0x00000000cca00000, 0x00000000ccb00000, 0x00000000ccb00000|100%| E|CS|TAMS 0x00000000cca00000, 0x00000000cca00000| Complete 
| 203|0x00000000ccb00000, 0x00000000ccc00000, 0x00000000ccc00000|100%| E|CS|TAMS 0x00000000ccb00000, 0x00000000ccb00000| Complete 
| 204|0x00000000ccc00000, 0x00000000ccd00000, 0x00000000ccd00000|100%| E|CS|TAMS 0x00000000ccc00000, 0x00000000ccc00000| Complete 
| 205|0x00000000ccd00000, 0x00000000cce00000, 0x00000000cce00000|100%| E|CS|TAMS 0x00000000ccd00000, 0x00000000ccd00000| Complete 
| 206|0x00000000cce00000, 0x00000000ccf00000, 0x00000000ccf00000|100%| E|CS|TAMS 0x00000000cce00000, 0x00000000cce00000| Complete 
| 207|0x00000000ccf00000, 0x00000000cd000000, 0x00000000cd000000|100%| E|CS|TAMS 0x00000000ccf00000, 0x00000000ccf00000| Complete 
| 208|0x00000000cd000000, 0x00000000cd100000, 0x00000000cd100000|100%| E|CS|TAMS 0x00000000cd000000, 0x00000000cd000000| Complete 
| 209|0x00000000cd100000, 0x00000000cd200000, 0x00000000cd200000|100%| E|CS|TAMS 0x00000000cd100000, 0x00000000cd100000| Complete 
| 210|0x00000000cd200000, 0x00000000cd300000, 0x00000000cd300000|100%| E|CS|TAMS 0x00000000cd200000, 0x00000000cd200000| Complete 
| 211|0x00000000cd300000, 0x00000000cd400000, 0x00000000cd400000|100%| E|CS|TAMS 0x00000000cd300000, 0x00000000cd300000| Complete 
| 212|0x00000000cd400000, 0x00000000cd500000, 0x00000000cd500000|100%| E|CS|TAMS 0x00000000cd400000, 0x00000000cd400000| Complete 
| 213|0x00000000cd500000, 0x00000000cd600000, 0x00000000cd600000|100%| E|CS|TAMS 0x00000000cd500000, 0x00000000cd500000| Complete 
| 214|0x00000000cd600000, 0x00000000cd700000, 0x00000000cd700000|100%| E|CS|TAMS 0x00000000cd600000, 0x00000000cd600000| Complete 
| 215|0x00000000cd700000, 0x00000000cd800000, 0x00000000cd800000|100%| E|CS|TAMS 0x00000000cd700000, 0x00000000cd700000| Complete 
| 216|0x00000000cd800000, 0x00000000cd900000, 0x00000000cd900000|100%| E|CS|TAMS 0x00000000cd800000, 0x00000000cd800000| Complete 
| 217|0x00000000cd900000, 0x00000000cda00000, 0x00000000cda00000|100%| E|CS|TAMS 0x00000000cd900000, 0x00000000cd900000| Complete 
| 218|0x00000000cda00000, 0x00000000cdb00000, 0x00000000cdb00000|100%| E|CS|TAMS 0x00000000cda00000, 0x00000000cda00000| Complete 
| 219|0x00000000cdb00000, 0x00000000cdc00000, 0x00000000cdc00000|100%| E|CS|TAMS 0x00000000cdb00000, 0x00000000cdb00000| Complete 
| 220|0x00000000cdc00000, 0x00000000cdd00000, 0x00000000cdd00000|100%| E|CS|TAMS 0x00000000cdc00000, 0x00000000cdc00000| Complete 
| 221|0x00000000cdd00000, 0x00000000cde00000, 0x00000000cde00000|100%| E|CS|TAMS 0x00000000cdd00000, 0x00000000cdd00000| Complete 
| 222|0x00000000cde00000, 0x00000000cdf00000, 0x00000000cdf00000|100%| E|CS|TAMS 0x00000000cde00000, 0x00000000cde00000| Complete 
| 223|0x00000000cdf00000, 0x00000000ce000000, 0x00000000ce000000|100%| E|CS|TAMS 0x00000000cdf00000, 0x00000000cdf00000| Complete 
| 224|0x00000000ce000000, 0x00000000ce100000, 0x00000000ce100000|100%| E|CS|TAMS 0x00000000ce000000, 0x00000000ce000000| Complete 
| 225|0x00000000ce100000, 0x00000000ce200000, 0x00000000ce200000|100%| E|CS|TAMS 0x00000000ce100000, 0x00000000ce100000| Complete 
| 226|0x00000000ce200000, 0x00000000ce300000, 0x00000000ce300000|100%| E|CS|TAMS 0x00000000ce200000, 0x00000000ce200000| Complete 
| 227|0x00000000ce300000, 0x00000000ce400000, 0x00000000ce400000|100%| E|CS|TAMS 0x00000000ce300000, 0x00000000ce300000| Complete 
| 228|0x00000000ce400000, 0x00000000ce500000, 0x00000000ce500000|100%| E|CS|TAMS 0x00000000ce400000, 0x00000000ce400000| Complete 
| 229|0x00000000ce500000, 0x00000000ce600000, 0x00000000ce600000|100%| E|CS|TAMS 0x00000000ce500000, 0x00000000ce500000| Complete 
| 230|0x00000000ce600000, 0x00000000ce700000, 0x00000000ce700000|100%| E|CS|TAMS 0x00000000ce600000, 0x00000000ce600000| Complete 
| 231|0x00000000ce700000, 0x00000000ce800000, 0x00000000ce800000|100%| E|CS|TAMS 0x00000000ce700000, 0x00000000ce700000| Complete 
| 232|0x00000000ce800000, 0x00000000ce900000, 0x00000000ce900000|100%| E|CS|TAMS 0x00000000ce800000, 0x00000000ce800000| Complete 
| 233|0x00000000ce900000, 0x00000000cea00000, 0x00000000cea00000|100%| E|CS|TAMS 0x00000000ce900000, 0x00000000ce900000| Complete 
| 234|0x00000000cea00000, 0x00000000ceb00000, 0x00000000ceb00000|100%| E|CS|TAMS 0x00000000cea00000, 0x00000000cea00000| Complete 
| 235|0x00000000ceb00000, 0x00000000cec00000, 0x00000000cec00000|100%| E|CS|TAMS 0x00000000ceb00000, 0x00000000ceb00000| Complete 
| 236|0x00000000cec00000, 0x00000000ced00000, 0x00000000ced00000|100%| E|CS|TAMS 0x00000000cec00000, 0x00000000cec00000| Complete 
| 237|0x00000000ced00000, 0x00000000cee00000, 0x00000000cee00000|100%| E|CS|TAMS 0x00000000ced00000, 0x00000000ced00000| Complete 
| 238|0x00000000cee00000, 0x00000000cef00000, 0x00000000cef00000|100%| E|CS|TAMS 0x00000000cee00000, 0x00000000cee00000| Complete 
| 239|0x00000000cef00000, 0x00000000cf000000, 0x00000000cf000000|100%| E|CS|TAMS 0x00000000cef00000, 0x00000000cef00000| Complete 
| 240|0x00000000cf000000, 0x00000000cf100000, 0x00000000cf100000|100%| E|CS|TAMS 0x00000000cf000000, 0x00000000cf000000| Complete 
| 241|0x00000000cf100000, 0x00000000cf200000, 0x00000000cf200000|100%| E|CS|TAMS 0x00000000cf100000, 0x00000000cf100000| Complete 
| 242|0x00000000cf200000, 0x00000000cf300000, 0x00000000cf300000|100%| E|CS|TAMS 0x00000000cf200000, 0x00000000cf200000| Complete 
| 243|0x00000000cf300000, 0x00000000cf400000, 0x00000000cf400000|100%| E|CS|TAMS 0x00000000cf300000, 0x00000000cf300000| Complete 
| 244|0x00000000cf400000, 0x00000000cf500000, 0x00000000cf500000|100%| E|CS|TAMS 0x00000000cf400000, 0x00000000cf400000| Complete 
| 245|0x00000000cf500000, 0x00000000cf600000, 0x00000000cf600000|100%| E|CS|TAMS 0x00000000cf500000, 0x00000000cf500000| Complete 
| 246|0x00000000cf600000, 0x00000000cf700000, 0x00000000cf700000|100%| E|CS|TAMS 0x00000000cf600000, 0x00000000cf600000| Complete 
| 247|0x00000000cf700000, 0x00000000cf800000, 0x00000000cf800000|100%| E|CS|TAMS 0x00000000cf700000, 0x00000000cf700000| Complete 
| 248|0x00000000cf800000, 0x00000000cf900000, 0x00000000cf900000|100%| E|CS|TAMS 0x00000000cf800000, 0x00000000cf800000| Complete 
| 249|0x00000000cf900000, 0x00000000cfa00000, 0x00000000cfa00000|100%| E|CS|TAMS 0x00000000cf900000, 0x00000000cf900000| Complete 
| 250|0x00000000cfa00000, 0x00000000cfb00000, 0x00000000cfb00000|100%| E|CS|TAMS 0x00000000cfa00000, 0x00000000cfa00000| Complete 
| 251|0x00000000cfb00000, 0x00000000cfc00000, 0x00000000cfc00000|100%| E|CS|TAMS 0x00000000cfb00000, 0x00000000cfb00000| Complete 
| 252|0x00000000cfc00000, 0x00000000cfd00000, 0x00000000cfd00000|100%| E|CS|TAMS 0x00000000cfc00000, 0x00000000cfc00000| Complete 
| 253|0x00000000cfd00000, 0x00000000cfe00000, 0x00000000cfe00000|100%| E|CS|TAMS 0x00000000cfd00000, 0x00000000cfd00000| Complete 
| 254|0x00000000cfe00000, 0x00000000cff00000, 0x00000000cff00000|100%| E|CS|TAMS 0x00000000cfe00000, 0x00000000cfe00000| Complete 
| 255|0x00000000cff00000, 0x00000000d0000000, 0x00000000d0000000|100%| E|CS|TAMS 0x00000000cff00000, 0x00000000cff00000| Complete 

Card table byte_map: [0x00000173edfd0000,0x00000173ee1d0000] _byte_map_base: 0x00000173ed9d0000

Marking Bits (Prev, Next): (CMBitMap*) 0x00000173d64b3e78, (CMBitMap*) 0x00000173d64b3eb0
 Prev Bits: [0x00000173ee3d0000, 0x00000173ef3d0000)
 Next Bits: [0x00000173ef3d0000, 0x00000173f03d0000)

Polling page: 0x00000173d6370000

Metaspace:

Usage:
  Non-class:     32.54 MB capacity,    32.07 MB ( 99%) used,   425.56 KB (  1%) free+waste,    57.25 KB ( <1%) overhead. 
      Class:      4.88 MB capacity,     4.63 MB ( 95%) used,   227.13 KB (  5%) free+waste,    26.00 KB ( <1%) overhead. 
       Both:     37.41 MB capacity,    36.70 MB ( 98%) used,   652.70 KB (  2%) free+waste,    83.25 KB ( <1%) overhead. 

Virtual space:
  Non-class space:       34.00 MB reserved,      32.75 MB ( 96%) committed 
      Class space:        1.00 GB reserved,       5.00 MB ( <1%) committed 
             Both:        1.03 GB reserved,      37.75 MB (  4%) committed 

Chunk freelists:
   Non-Class:  3.13 KB
       Class:  128 bytes
        Both:  3.25 KB

CodeHeap 'non-profiled nmethods': size=120064Kb used=1758Kb max_used=1758Kb free=118305Kb
 bounds [0x00000173e6270000, 0x00000173e64e0000, 0x00000173ed7b0000]
CodeHeap 'profiled nmethods': size=120000Kb used=7160Kb max_used=7160Kb free=112839Kb
 bounds [0x00000173ded40000, 0x00000173df450000, 0x00000173e6270000]
CodeHeap 'non-nmethods': size=5696Kb used=2182Kb max_used=2202Kb free=3513Kb
 bounds [0x00000173de7b0000, 0x00000173dea20000, 0x00000173ded40000]
 total_blobs=5083 nmethods=3271 adapters=637
 compilation: enabled
              stopped_count=0, restarted_count=0
 full_count=0

Compilation events (10 events):
Event: 17.720 Thread 0x00000173f326e000 3396       3       org.codehaus.groovy.ast.ClassNode::getDeclaredMethods (42 bytes)
Event: 17.720 Thread 0x00000173f326e000 nmethod 3396 0x00000173df40fd90 code [0x00000173df410020, 0x00000173df410fc0]
Event: 17.720 Thread 0x00000173f326e000 3397       3       org.codehaus.groovy.ast.ClassNode$MapOfLists::getNotNull (16 bytes)
Event: 17.720 Thread 0x00000173f326e000 nmethod 3397 0x00000173df411390 code [0x00000173df411580, 0x00000173df411a10]
Event: 17.720 Thread 0x00000173f326e000 3393       3       java.util.HashMap::values (25 bytes)
Event: 17.721 Thread 0x00000173f326e000 nmethod 3393 0x00000173df411b90 code [0x00000173df411d60, 0x00000173df412138]
Event: 17.721 Thread 0x00000173f326e000 3394       3       java.util.HashMap$Values::iterator (12 bytes)
Event: 17.721 Thread 0x00000173f326e000 nmethod 3394 0x00000173df412290 code [0x00000173df412460, 0x00000173df412730]
Event: 17.739 Thread 0x00000173f326e000 3403       3       org.codehaus.groovy.ast.CodeVisitorSupport::visitMethodCallExpression (25 bytes)
Event: 17.739 Thread 0x00000173f326e000 nmethod 3403 0x00000173df412810 code [0x00000173df412a00, 0x00000173df412e50]

GC Heap History (10 events):
Event: 2.278 GC heap before
{Heap before GC invocations=3 (full 0):
 garbage-first heap   total 262144K, used 51684K [0x00000000c0000000, 0x0000000100000000)
  region size 1024K, 44 young (45056K), 4 survivors (4096K)
 Metaspace       used 20714K, capacity 21161K, committed 21248K, reserved 1067008K
  class space    used 2614K, capacity 2783K, committed 2816K, reserved 1048576K
}
Event: 2.285 GC heap after
{Heap after GC invocations=4 (full 0):
 garbage-first heap   total 262144K, used 14159K [0x00000000c0000000, 0x0000000100000000)
  region size 1024K, 3 young (3072K), 3 survivors (3072K)
 Metaspace       used 20714K, capacity 21161K, committed 21248K, reserved 1067008K
  class space    used 2614K, capacity 2783K, committed 2816K, reserved 1048576K
}
Event: 5.314 GC heap before
{Heap before GC invocations=5 (full 0):
 garbage-first heap   total 262144K, used 76623K [0x00000000c0000000, 0x0000000100000000)
  region size 1024K, 56 young (57344K), 3 survivors (3072K)
 Metaspace       used 31377K, capacity 32007K, committed 32128K, reserved 1077248K
  class space    used 3894K, capacity 4113K, committed 4224K, reserved 1048576K
}
Event: 5.321 GC heap after
{Heap after GC invocations=6 (full 0):
 garbage-first heap   total 262144K, used 27924K [0x00000000c0000000, 0x0000000100000000)
  region size 1024K, 7 young (7168K), 7 survivors (7168K)
 Metaspace       used 31377K, capacity 32007K, committed 32128K, reserved 1077248K
  class space    used 3894K, capacity 4113K, committed 4224K, reserved 1048576K
}
Event: 6.201 GC heap before
{Heap before GC invocations=6 (full 0):
 garbage-first heap   total 262144K, used 59668K [0x00000000c0000000, 0x0000000100000000)
  region size 1024K, 37 young (37888K), 7 survivors (7168K)
 Metaspace       used 35012K, capacity 35705K, committed 35840K, reserved 1081344K
  class space    used 4391K, capacity 4597K, committed 4608K, reserved 1048576K
}
Event: 6.209 GC heap after
{Heap after GC invocations=7 (full 0):
 garbage-first heap   total 262144K, used 30308K [0x00000000c0000000, 0x0000000100000000)
  region size 1024K, 7 young (7168K), 7 survivors (7168K)
 Metaspace       used 35012K, capacity 35705K, committed 35840K, reserved 1081344K
  class space    used 4391K, capacity 4597K, committed 4608K, reserved 1048576K
}
Event: 10.274 GC heap before
{Heap before GC invocations=8 (full 0):
 garbage-first heap   total 262144K, used 107108K [0x00000000c0000000, 0x0000000100000000)
  region size 1024K, 82 young (83968K), 7 survivors (7168K)
 Metaspace       used 36736K, capacity 37408K, committed 37760K, reserved 1081344K
  class space    used 4652K, capacity 4886K, committed 4992K, reserved 1048576K
}
Event: 10.281 GC heap after
{Heap after GC invocations=9 (full 0):
 garbage-first heap   total 262144K, used 32354K [0x00000000c0000000, 0x0000000100000000)
  region size 1024K, 4 young (4096K), 4 survivors (4096K)
 Metaspace       used 36736K, capacity 37408K, committed 37760K, reserved 1081344K
  class space    used 4652K, capacity 4886K, committed 4992K, reserved 1048576K
}
Event: 15.035 GC heap before
{Heap before GC invocations=9 (full 0):
 garbage-first heap   total 262144K, used 159330K [0x00000000c0000000, 0x0000000100000000)
  region size 1024K, 128 young (131072K), 4 survivors (4096K)
 Metaspace       used 36823K, capacity 37536K, committed 37760K, reserved 1081344K
  class space    used 4663K, capacity 4886K, committed 4992K, reserved 1048576K
}
Event: 15.039 GC heap after
{Heap after GC invocations=10 (full 0):
 garbage-first heap   total 262144K, used 32104K [0x00000000c0000000, 0x0000000100000000)
  region size 1024K, 4 young (4096K), 4 survivors (4096K)
 Metaspace       used 36823K, capacity 37536K, committed 37760K, reserved 1081344K
  class space    used 4663K, capacity 4886K, committed 4992K, reserved 1048576K
}

Deoptimization events (10 events):
Event: 8.237 Thread 0x00000173f493a000 Uncommon trap: reason=class_check action=maybe_recompile pc=0x00000173e6330168 method=java.util.zip.InflaterInputStream.read([BII)I @ 100 c2
Event: 8.238 Thread 0x00000173f493a000 Uncommon trap: reason=class_check action=maybe_recompile pc=0x00000173e6330168 method=java.util.zip.InflaterInputStream.read([BII)I @ 100 c2
Event: 8.238 Thread 0x00000173f493a000 Uncommon trap: reason=class_check action=maybe_recompile pc=0x00000173e6330168 method=java.util.zip.InflaterInputStream.read([BII)I @ 100 c2
Event: 8.238 Thread 0x00000173f493a000 Uncommon trap: reason=class_check action=maybe_recompile pc=0x00000173e6330168 method=java.util.zip.InflaterInputStream.read([BII)I @ 100 c2
Event: 11.745 Thread 0x00000173f4d4e000 Uncommon trap: reason=speculate_class_check action=maybe_recompile pc=0x00000173e63f6fcc method=java.util.zip.InflaterInputStream.read([BII)I @ 100 c2
Event: 11.763 Thread 0x00000173f4d4e000 Uncommon trap: reason=speculate_class_check action=maybe_recompile pc=0x00000173e63f6fcc method=java.util.zip.InflaterInputStream.read([BII)I @ 100 c2
Event: 11.779 Thread 0x00000173f4d4e000 Uncommon trap: reason=speculate_class_check action=maybe_recompile pc=0x00000173e63f6fcc method=java.util.zip.InflaterInputStream.read([BII)I @ 100 c2
Event: 11.779 Thread 0x00000173f4d4e000 Uncommon trap: reason=speculate_class_check action=maybe_recompile pc=0x00000173e63f6fcc method=java.util.zip.InflaterInputStream.read([BII)I @ 100 c2
Event: 17.415 Thread 0x00000173f493a000 Uncommon trap: reason=unstable_if action=reinterpret pc=0x00000173e64039b0 method=java.util.zip.ZipInputStream.readLOC()Ljava/util/zip/ZipEntry; @ 192 c2
Event: 17.415 Thread 0x00000173f493a000 Uncommon trap: reason=unstable_if action=reinterpret pc=0x00000173e640d1f4 method=java.util.zip.ZipInputStream.readEnd(Ljava/util/zip/ZipEntry;)V @ 42 c2

Classes redefined (0 events):
No events

Internal exceptions (10 events):
Event: 5.479 Thread 0x00000173f493a000 Exception <a 'java/lang/ClassNotFoundException'{0x00000000cf87c390}: groovy/lang/Closure$1Customizer> (0x00000000cf87c390) thrown at [t:/workspace/open/src/hotspot/share/classfile/systemDictionary.cpp, line 231]
Event: 5.585 Thread 0x00000173f493a000 Exception <a 'java/lang/ClassNotFoundException'{0x00000000cf6aab00}: org/gradle/internal/metaobject/ConfigureDelegateBeanInfo> (0x00000000cf6aab00) thrown at [t:/workspace/open/src/hotspot/share/classfile/systemDictionary.cpp, line 231]
Event: 5.587 Thread 0x00000173f493a000 Exception <a 'java/lang/ClassNotFoundException'{0x00000000cf6c2718}: org/gradle/internal/metaobject/ConfigureDelegateCustomizer> (0x00000000cf6c2718) thrown at [t:/workspace/open/src/hotspot/share/classfile/systemDictionary.cpp, line 231]
Event: 5.596 Thread 0x00000173f493a000 Exception <a 'java/lang/ClassNotFoundException'{0x00000000cf5197e0}: org/gradle/api/internal/initialization/DefaultScriptHandlerBeanInfo> (0x00000000cf5197e0) thrown at [t:/workspace/open/src/hotspot/share/classfile/systemDictionary.cpp, line 231]
Event: 5.599 Thread 0x00000173f493a000 Exception <a 'java/lang/ClassNotFoundException'{0x00000000cf533af8}: org/gradle/api/internal/initialization/DefaultScriptHandlerCustomizer> (0x00000000cf533af8) thrown at [t:/workspace/open/src/hotspot/share/classfile/systemDictionary.cpp, line 231]
Event: 5.672 Thread 0x00000173f493a000 Implicit null exception at 0x00000173e62c7175 to 0x00000173e62c734a
Event: 6.277 Thread 0x00000173f493a000 Exception <a 'java/lang/ClassNotFoundException'{0x00000000cfd57e90}: org/gradle/api/internal/artifacts/dsl/dependencies/DefaultDependencyHandler_DecoratedBeanInfo> (0x00000000cfd57e90) thrown at [t:/workspace/open/src/hotspot/share/classfile/systemDiction
Event: 6.278 Thread 0x00000173f493a000 Exception <a 'java/lang/ClassNotFoundException'{0x00000000cfd821e0}: org/gradle/api/internal/artifacts/dsl/dependencies/DefaultDependencyHandlerBeanInfo> (0x00000000cfd821e0) thrown at [t:/workspace/open/src/hotspot/share/classfile/systemDictionary.cpp, l
Event: 6.279 Thread 0x00000173f493a000 Exception <a 'java/lang/ClassNotFoundException'{0x00000000cfdab568}: org/gradle/api/internal/artifacts/dsl/dependencies/DefaultDependencyHandlerCustomizer> (0x00000000cfdab568) thrown at [t:/workspace/open/src/hotspot/share/classfile/systemDictionary.cpp,
Event: 6.282 Thread 0x00000173f493a000 Exception <a 'java/lang/ClassNotFoundException'{0x00000000cfdeee88}: org/gradle/api/internal/artifacts/dsl/dependencies/DefaultDependencyHandler_DecoratedCustomizer> (0x00000000cfdeee88) thrown at [t:/workspace/open/src/hotspot/share/classfile/systemDicti

Events (10 events):
Event: 17.713 loading class org/codehaus/groovy/classgen/Verifier$4
Event: 17.713 loading class org/codehaus/groovy/classgen/Verifier$4 done
Event: 17.715 loading class org/codehaus/groovy/classgen/Verifier$15
Event: 17.715 loading class org/codehaus/groovy/classgen/Verifier$15 done
Event: 17.717 loading class org/codehaus/groovy/classgen/asm/ClosureWriter$UseExistingReference
Event: 17.717 loading class org/codehaus/groovy/classgen/asm/ClosureWriter$UseExistingReference done
Event: 17.717 loading class org/codehaus/groovy/classgen/asm/OptimizingStatementWriter$FastPathData
Event: 17.717 loading class org/codehaus/groovy/classgen/asm/OptimizingStatementWriter$FastPathData done
Event: 17.742 loading class org/gradle/model/dsl/internal/transform/RulesVisitor
Event: 17.742 loading class org/gradle/model/dsl/internal/transform/RulesVisitor done


Dynamic libraries:
0x00007ff722c20000 - 0x00007ff722c65000 	D:\install\springular-toolchain-2019.1\work\tools\java\open-jdk\11.0.2\bin\java.exe
0x00007ffaabab0000 - 0x00007ffaabca5000 	C:\WINDOWS\SYSTEM32\ntdll.dll
0x00007ffaab9b0000 - 0x00007ffaaba6d000 	C:\WINDOWS\System32\KERNEL32.DLL
0x00007ffaa8c90000 - 0x00007ffaa8f59000 	C:\WINDOWS\System32\KERNELBASE.dll
0x00007ffaa91d0000 - 0x00007ffaa9370000 	C:\WINDOWS\System32\USER32.dll
0x00007ffaa8ae0000 - 0x00007ffaa8b02000 	C:\WINDOWS\System32\win32u.dll
0x00007ffaa9bb0000 - 0x00007ffaa9bda000 	C:\WINDOWS\System32\GDI32.dll
0x00007ffaa88b0000 - 0x00007ffaa89bb000 	C:\WINDOWS\System32\gdi32full.dll
0x00007ffaa89f0000 - 0x00007ffaa8a8d000 	C:\WINDOWS\System32\msvcp_win.dll
0x00007ffaa8b90000 - 0x00007ffaa8c90000 	C:\WINDOWS\System32\ucrtbase.dll
0x00007ffaa0fb0000 - 0x00007ffaa124a000 	C:\WINDOWS\WinSxS\amd64_microsoft.windows.common-controls_6595b64144ccf1df_6.0.19041.844_none_ca00b6081b84eb1d\COMCTL32.dll
0x00007ffaab1e0000 - 0x00007ffaab27e000 	C:\WINDOWS\System32\msvcrt.dll
0x00007ffaab4b0000 - 0x00007ffaab4e0000 	C:\WINDOWS\System32\IMM32.DLL
0x00007ffaa2b70000 - 0x00007ffaa2b86000 	D:\install\springular-toolchain-2019.1\work\tools\java\open-jdk\11.0.2\bin\vcruntime140.dll
0x00007ffa8ba90000 - 0x00007ffa8bb3a000 	D:\install\springular-toolchain-2019.1\work\tools\java\open-jdk\11.0.2\bin\msvcp140.dll
0x00007ffa51890000 - 0x00007ffa523b3000 	D:\install\springular-toolchain-2019.1\work\tools\java\open-jdk\11.0.2\bin\server\jvm.dll
0x00007ffaa9be0000 - 0x00007ffaa9c8c000 	C:\WINDOWS\System32\ADVAPI32.dll
0x00007ffaa9ab0000 - 0x00007ffaa9b4c000 	C:\WINDOWS\System32\sechost.dll
0x00007ffaab870000 - 0x00007ffaab99b000 	C:\WINDOWS\System32\RPCRT4.dll
0x00007ffaab9a0000 - 0x00007ffaab9a8000 	C:\WINDOWS\System32\PSAPI.DLL
0x00007ffa98090000 - 0x00007ffa98099000 	C:\WINDOWS\SYSTEM32\WSOCK32.dll
0x00007ffaa15e0000 - 0x00007ffaa15ea000 	C:\WINDOWS\SYSTEM32\VERSION.dll
0x00007ffaa1500000 - 0x00007ffaa1527000 	C:\WINDOWS\SYSTEM32\WINMM.dll
0x00007ffaaaa20000 - 0x00007ffaaaa8b000 	C:\WINDOWS\System32\WS2_32.dll
0x00007ffaa7140000 - 0x00007ffaa7152000 	C:\WINDOWS\SYSTEM32\kernel.appcore.dll
0x00007ffaa2540000 - 0x00007ffaa2551000 	D:\install\springular-toolchain-2019.1\work\tools\java\open-jdk\11.0.2\bin\verify.dll
0x00007ffa93b50000 - 0x00007ffa93d34000 	C:\WINDOWS\SYSTEM32\DBGHELP.DLL
0x00007ffa92fe0000 - 0x00007ffa9300c000 	C:\WINDOWS\SYSTEM32\dbgcore.DLL
0x00007ffaa8b10000 - 0x00007ffaa8b90000 	C:\WINDOWS\System32\bcryptPrimitives.dll
0x00007ffa8ba60000 - 0x00007ffa8ba88000 	D:\install\springular-toolchain-2019.1\work\tools\java\open-jdk\11.0.2\bin\java.dll
0x00007ffa8ba40000 - 0x00007ffa8ba56000 	D:\install\springular-toolchain-2019.1\work\tools\java\open-jdk\11.0.2\bin\zip.dll
0x00007ffaa2b60000 - 0x00007ffaa2b6a000 	D:\install\springular-toolchain-2019.1\work\tools\java\open-jdk\11.0.2\bin\jimage.dll
0x00007ffaaaa90000 - 0x00007ffaab1d2000 	C:\WINDOWS\System32\SHELL32.dll
0x00007ffaa69b0000 - 0x00007ffaa7140000 	C:\WINDOWS\SYSTEM32\windows.storage.dll
0x00007ffaab500000 - 0x00007ffaab855000 	C:\WINDOWS\System32\combase.dll
0x00007ffaa82c0000 - 0x00007ffaa82ec000 	C:\WINDOWS\SYSTEM32\Wldp.dll
0x00007ffaa9760000 - 0x00007ffaa980e000 	C:\WINDOWS\System32\SHCORE.dll
0x00007ffaa9620000 - 0x00007ffaa9675000 	C:\WINDOWS\System32\shlwapi.dll
0x00007ffaa8790000 - 0x00007ffaa87af000 	C:\WINDOWS\SYSTEM32\profapi.dll
0x00007ffa8ba20000 - 0x00007ffa8ba39000 	D:\install\springular-toolchain-2019.1\work\tools\java\open-jdk\11.0.2\bin\net.dll
0x00007ffaa9810000 - 0x00007ffaa99fe000 	C:\WINDOWS\System32\urlmon.dll
0x00007ffaa9370000 - 0x00007ffaa9620000 	C:\WINDOWS\System32\iertutil.dll
0x00007ffaa1f60000 - 0x00007ffaa206c000 	C:\WINDOWS\SYSTEM32\WINHTTP.dll
0x00007ffaa8040000 - 0x00007ffaa80aa000 	C:\WINDOWS\system32\mswsock.dll
0x00007ffa8ba00000 - 0x00007ffa8ba13000 	D:\install\springular-toolchain-2019.1\work\tools\java\open-jdk\11.0.2\bin\nio.dll
0x00007ffa937d0000 - 0x00007ffa937ee000 	C:\Users\max_yav\.gradle\native\25\windows-amd64\native-platform.dll
0x00007ffa8bca0000 - 0x00007ffa8bca9000 	D:\install\springular-toolchain-2019.1\work\tools\java\open-jdk\11.0.2\bin\management.dll
0x00007ffa8b9f0000 - 0x00007ffa8b9fc000 	D:\install\springular-toolchain-2019.1\work\tools\java\open-jdk\11.0.2\bin\management_ext.dll
0x00007ffaa8210000 - 0x00007ffaa8228000 	C:\WINDOWS\SYSTEM32\CRYPTSP.dll
0x00007ffaa7970000 - 0x00007ffaa79a4000 	C:\WINDOWS\system32\rsaenh.dll
0x00007ffaa89c0000 - 0x00007ffaa89e7000 	C:\WINDOWS\System32\bcrypt.dll
0x00007ffaa8750000 - 0x00007ffaa877e000 	C:\WINDOWS\SYSTEM32\USERENV.dll
0x00007ffaa8230000 - 0x00007ffaa823c000 	C:\WINDOWS\SYSTEM32\CRYPTBASE.dll
0x00007ffaa7ce0000 - 0x00007ffaa7d1b000 	C:\WINDOWS\SYSTEM32\IPHLPAPI.DLL
0x00007ffaab860000 - 0x00007ffaab868000 	C:\WINDOWS\System32\NSI.dll
0x00007ffaa3bc0000 - 0x00007ffaa3bd7000 	C:\WINDOWS\SYSTEM32\dhcpcsvc6.DLL
0x00007ffaa3ae0000 - 0x00007ffaa3afd000 	C:\WINDOWS\SYSTEM32\dhcpcsvc.DLL
0x00007ffaa7d30000 - 0x00007ffaa7dfb000 	C:\WINDOWS\SYSTEM32\DNSAPI.dll

dbghelp: loaded successfully - version: 4.0.5 - missing functions: none
symbol engine: initialized successfully - sym options: 0x614 - pdb path: .;D:\install\springular-toolchain-2019.1\work\tools\java\open-jdk\11.0.2\bin;C:\WINDOWS\SYSTEM32;C:\WINDOWS\WinSxS\amd64_microsoft.windows.common-controls_6595b64144ccf1df_6.0.19041.844_none_ca00b6081b84eb1d;D:\install\springular-toolchain-2019.1\work\tools\java\open-jdk\11.0.2\bin\server;C:\Users\max_yav\.gradle\native\25\windows-amd64

VM Arguments:
jvm_args: --add-opens=java.base/java.util=ALL-UNNAMED -XX:+HeapDumpOnOutOfMemoryError -Xmx1024m -Dfile.encoding=windows-1251 -Duser.country=RU -Duser.language=ru -Duser.variant 
java_command: org.gradle.launcher.daemon.bootstrap.GradleDaemon 4.10
java_class_path (initial): C:\Users\max_yav\.gradle\wrapper\dists\gradle-4.10-all\54ye4nru8k2rpf7xwj15he4fo\gradle-4.10\lib\gradle-launcher-4.10.jar
Launcher Type: SUN_STANDARD

[Global flags]
     intx CICompilerCount                          = 3                                         {product} {ergonomic}
     uint ConcGCThreads                            = 1                                         {product} {ergonomic}
     uint G1ConcRefinementThreads                  = 4                                         {product} {ergonomic}
   size_t G1HeapRegionSize                         = 1048576                                   {product} {ergonomic}
    uintx GCDrainStackTargetSize                   = 64                                        {product} {ergonomic}
     bool HeapDumpOnOutOfMemoryError               = true                                   {manageable} {command line}
   size_t InitialHeapSize                          = 268435456                                 {product} {ergonomic}
   size_t MarkStackSize                            = 4194304                                   {product} {ergonomic}
   size_t MaxHeapSize                              = 1073741824                                {product} {command line}
   size_t MaxNewSize                               = 643825664                                 {product} {ergonomic}
   size_t MinHeapDeltaBytes                        = 1048576                                   {product} {ergonomic}
    uintx NonNMethodCodeHeapSize                   = 5830092                                {pd product} {ergonomic}
    uintx NonProfiledCodeHeapSize                  = 122914074                              {pd product} {ergonomic}
    uintx ProfiledCodeHeapSize                     = 122914074                              {pd product} {ergonomic}
    uintx ReservedCodeCacheSize                    = 251658240                              {pd product} {ergonomic}
     bool SegmentedCodeCache                       = true                                      {product} {ergonomic}
     bool UseCompressedClassPointers               = true                                 {lp64_product} {ergonomic}
     bool UseCompressedOops                        = true                                 {lp64_product} {ergonomic}
     bool UseG1GC                                  = true                                      {product} {ergonomic}
     bool UseLargePagesIndividualAllocation        = false                                  {pd product} {ergonomic}

Logging:
Log output configuration:
 #0: stdout all=warning uptime,level,tags
 #1: stderr all=off uptime,level,tags

Environment Variables:
JAVA_HOME=C:\Program Files\Java\jdk1.8.0_121
PATH=C:\Program Files\Zulu\zulu-11\bin\;c:\oracle\ora\client\bin;C:\Program Files (x86)\Common Files\Oracle\Java\javapath;C:\Program Files (x86)\NVIDIA Corporation\PhysX\Common;C:\ProgramData\Oracle\Java\javapath;C:\WINDOWS\system32;C:\WINDOWS;C:\WINDOWS\System32\Wbem;C:\WINDOWS\System32\WindowsPowerShell\v1.0\;C:\Program Files\TortoiseSVN\bin;C:\BTT;C:\Program Files\Java\jdk1.8.0_121\bin;C:\Program Files (x86)\Subversion\bin;C:\Program Files\Aladdin\eToken\PKIClient\x32;C:\Program Files\Aladdin\eToken\PKIClient\x64;C:\strawberry\c\bin;C:\strawberry\perl\bin;D:\android-sdk_r24.3.4-windows\android-sdk-windows;%ANT_HOME%\bin;C:\Program Files\Git\cmd;C:\springular-toolchain-2018.1\work\tools\nodejs\8.11.1;C:\springular-toolchain-2018.1\work\tools\gradle\4.6\bin;C:\Go\bin;%GOPATH%;C:\pkg-config-lite-0.28-1\bin;C:\apache-maven-3.6.0\bin;d:\install\springular-toolchain-2019.1\work\tools\gradle\5.1.1\bin;C:\Program Files (x86)\OpenSSH\bin;C:\Program Files\nodejs\;%JMETER_PATH%\bin;C:\WINDOWS\System32\OpenSSH\;C:\Users\max_yav\AppData\Local\Programs\Python\Python36-32\Scripts\;C:\Users\max_yav\AppData\Local\Programs\Python\Python36-32\;C:\ant\bin;C:\Users\max_yav\go\bin;C:\Program Files\Docker Toolbox;C:\Users\max_yav\AppData\Local\hyper\app-3.0.2\resources\bin;C:\Users\max_yav\AppData\Roaming\npm;C:\Users\max_yav\AppData\Local\Microsoft\WindowsApps;
USERNAME=max_yav
OS=Windows_NT
PROCESSOR_IDENTIFIER=Intel64 Family 6 Model 60 Stepping 3, GenuineIntel



---------------  S Y S T E M  ---------------

OS: Windows 10 , 64 bit Build 19041 (10.0.19041.804)

CPU:total 4 (initial active 4) (4 cores per cpu, 1 threads per core) family 6 model 60 stepping 3, cmov, cx8, fxsr, mmx, sse, sse2, sse3, ssse3, sse4.1, sse4.2, popcnt, avx, avx2, aes, clmul, erms, lzcnt, tsc, tscinvbit, bmi1, bmi2, fma

Memory: 4k page, system-wide physical 16256M (3575M free)
TotalPageFile size 26256M (AvailPageFile size 3M)
current process WorkingSet (physical memory assigned to process): 271M, peak: 271M
current process commit charge ("private bytes"): 405M, peak: 442M

vm_info: OpenJDK 64-Bit Server VM (11.0.2+9) for windows-amd64 JRE (11.0.2+9), built on Jan 18 2019 05:23:22 by "mach5one" with MS VC++ 15.5 (VS2017)

END.
